2025-02-25T15:31:33.711 root               INFO     ------- new log session started -------
2025-02-25T15:31:34.122 cli                INFO     starting acli 0.8.1.dev3+gebaa656.d20220803
2025-02-25T15:31:34.123 cli                INFO     args: -s aupe-cal -d c4 -b 8 wac panorama -l 1 -r 1 -p 0 -t 0
2025-02-25T15:31:34.125 ExoFitPngXmlWriter INFO     requested bit depth: 8
2025-02-25T15:31:34.127 ExoFitPngXmlWriter INFO     using xml template 'C:\Users\AUPE\Desktop\aupe_tools\acli-venv\Lib\site-packages\acli\exofit_template.xml'
2025-02-25T15:31:34.128 aupe_connect       INFO     connecting to AUPE @ 192.168.0.110:8888
2025-02-25T15:31:34.151 cli                INFO     using auto exposure
2025-02-25T15:31:34.153 cli                INFO     caching of shutters enabled
2025-02-25T15:31:34.154 ShutterCache       INFO     loading shutter cache from 'C:\Users\AUPE\Desktop\aupe_tools\shutter_cache.toml'
2025-02-25T15:31:34.176 wac_handler        INFO     command: panorama
2025-02-25T15:31:35.030 WacWrapper         INFO     lwac initialized with AE
2025-02-25T15:31:35.031 WacWrapper         INFO     lwac filters selected: [1]
2025-02-25T15:31:35.699 WacWrapper         INFO     rwac initialized with AE
2025-02-25T15:31:35.700 WacWrapper         INFO     rwac filters selected: [1]
2025-02-25T15:31:35.705 wac_panorama       INFO     orienting the PTU to T: 0.0
2025-02-25T15:31:35.938 wac_panorama       INFO     orienting the PTU to P: 0.0
2025-02-25T15:31:36.210 CaptureHandler     INFO     starting capture
2025-02-25T15:31:36.211 CaptureHandler     INFO     selecting camera: lwac
2025-02-25T15:31:36.216 WacWrapper         INFO     filter: 1
2025-02-25T15:31:36.505 WacWrapper         INFO     shutter: 0.330394
2025-02-25T15:31:38.771 ExoFitPngXmlWriter INFO     saving image as 'aupe-cal_c4_LWAC01_T00_P00_BS.png'
2025-02-25T15:31:39.258 ExoFitPngXmlWriter INFO     creating XML sidecar metadata file
2025-02-25T15:31:39.259 ExoFitPngXmlWriter INFO     adding image metadata tags
2025-02-25T15:31:39.260 ExoFitPngXmlWriter WARNING  no GNC directory specified; skipping
2025-02-25T15:31:39.263 ExoFitPngXmlWriter INFO     XML metadata saved as 'aupe-cal_c4_LWAC01_T00_P00_BS.xml'
2025-02-25T15:31:39.270 WacWrapper         INFO     final shutter stored in shutter cache: 0.330393
2025-02-25T15:31:39.271 CaptureHandler     INFO     selecting camera: rwac
2025-02-25T15:31:39.272 WacWrapper         INFO     filter: 1
2025-02-25T15:31:39.283 WacWrapper         INFO     shutter: 0.371546
2025-02-25T15:31:41.624 ExoFitPngXmlWriter INFO     saving image as 'aupe-cal_c4_RWAC01_T00_P00_BS.png'
2025-02-25T15:31:42.019 ExoFitPngXmlWriter INFO     creating XML sidecar metadata file
2025-02-25T15:31:42.020 ExoFitPngXmlWriter INFO     adding image metadata tags
2025-02-25T15:31:42.021 ExoFitPngXmlWriter WARNING  no GNC directory specified; skipping
2025-02-25T15:31:42.025 ExoFitPngXmlWriter INFO     XML metadata saved as 'aupe-cal_c4_RWAC01_T00_P00_BS.xml'
2025-02-25T15:31:42.251 WacWrapper         INFO     final shutter stored in shutter cache: 0.335467
2025-02-25T15:31:42.253 ShutterCache       INFO     writing shutter cache to disk
2025-02-25T15:31:42.262 aupe_connect       INFO     disconnecting from AUPE
2025-02-25T15:31:42.560 cli                INFO     success
