2025-02-25T15:44:56.287 root               INFO     ------- new log session started -------
2025-02-25T15:44:56.696 cli                INFO     starting acli 0.8.1.dev3+gebaa656.d20220803
2025-02-25T15:44:56.697 cli                INFO     args: -s aupe-cal -d c23 -b 8 wac panorama -l 1 -r 1 -p 0 -t 0
2025-02-25T15:44:56.701 ExoFitPngXmlWriter INFO     requested bit depth: 8
2025-02-25T15:44:56.701 ExoFitPngXmlWriter INFO     using xml template 'C:\Users\AUPE\Desktop\aupe_tools\acli-venv\Lib\site-packages\acli\exofit_template.xml'
2025-02-25T15:44:56.702 aupe_connect       INFO     connecting to AUPE @ 192.168.0.110:8888
2025-02-25T15:44:56.714 cli                INFO     using auto exposure
2025-02-25T15:44:56.715 cli                INFO     caching of shutters enabled
2025-02-25T15:44:56.716 ShutterCache       INFO     loading shutter cache from 'C:\Users\AUPE\Desktop\aupe_tools\shutter_cache.toml'
2025-02-25T15:44:56.718 wac_handler        INFO     command: panorama
2025-02-25T15:44:57.926 WacWrapper         INFO     lwac initialized with AE
2025-02-25T15:44:57.927 WacWrapper         INFO     lwac filters selected: [1]
2025-02-25T15:44:59.169 WacWrapper         INFO     rwac initialized with AE
2025-02-25T15:44:59.170 WacWrapper         INFO     rwac filters selected: [1]
2025-02-25T15:44:59.175 wac_panorama       INFO     orienting the PTU to T: 0.0
2025-02-25T15:44:59.411 wac_panorama       INFO     orienting the PTU to P: 0.0
2025-02-25T15:44:59.819 CaptureHandler     INFO     starting capture
2025-02-25T15:44:59.820 CaptureHandler     INFO     selecting camera: lwac
2025-02-25T15:44:59.826 WacWrapper         INFO     filter: 1
2025-02-25T15:44:59.835 WacWrapper         INFO     shutter: 0.225973
2025-02-25T15:45:01.986 ExoFitPngXmlWriter INFO     saving image as 'aupe-cal_c23_LWAC01_T00_P00_BS.png'
2025-02-25T15:45:02.489 ExoFitPngXmlWriter INFO     creating XML sidecar metadata file
2025-02-25T15:45:02.490 ExoFitPngXmlWriter INFO     adding image metadata tags
2025-02-25T15:45:02.494 ExoFitPngXmlWriter WARNING  no GNC directory specified; skipping
2025-02-25T15:45:02.497 ExoFitPngXmlWriter INFO     XML metadata saved as 'aupe-cal_c23_LWAC01_T00_P00_BS.xml'
2025-02-25T15:45:02.546 WacWrapper         INFO     final shutter stored in shutter cache: 0.271650
2025-02-25T15:45:02.547 CaptureHandler     INFO     selecting camera: rwac
2025-02-25T15:45:02.550 WacWrapper         INFO     filter: 1
2025-02-25T15:45:02.556 WacWrapper         INFO     shutter: 0.431940
2025-02-25T15:45:05.225 ExoFitPngXmlWriter INFO     saving image as 'aupe-cal_c23_RWAC01_T00_P00_BS.png'
2025-02-25T15:45:05.648 ExoFitPngXmlWriter INFO     creating XML sidecar metadata file
2025-02-25T15:45:05.648 ExoFitPngXmlWriter INFO     adding image metadata tags
2025-02-25T15:45:05.653 ExoFitPngXmlWriter WARNING  no GNC directory specified; skipping
2025-02-25T15:45:05.655 ExoFitPngXmlWriter INFO     XML metadata saved as 'aupe-cal_c23_RWAC01_T00_P00_BS.xml'
2025-02-25T15:45:05.759 WacWrapper         INFO     final shutter stored in shutter cache: 0.396808
2025-02-25T15:45:05.759 ShutterCache       INFO     writing shutter cache to disk
2025-02-25T15:45:05.767 aupe_connect       INFO     disconnecting from AUPE
2025-02-25T15:45:05.780 cli                INFO     success
