2025-02-25T15:42:44.910 root               INFO     ------- new log session started -------
2025-02-25T15:42:45.328 cli                INFO     starting acli 0.8.1.dev3+gebaa656.d20220803
2025-02-25T15:42:45.329 cli                INFO     args: -s aupe-cal -d c19 -b 8 wac panorama -l 1 -r 1 -p 0 -t 0
2025-02-25T15:42:45.334 ExoFitPngXmlWriter INFO     requested bit depth: 8
2025-02-25T15:42:45.335 ExoFitPngXmlWriter INFO     using xml template 'C:\Users\AUPE\Desktop\aupe_tools\acli-venv\Lib\site-packages\acli\exofit_template.xml'
2025-02-25T15:42:45.335 aupe_connect       INFO     connecting to AUPE @ 192.168.0.110:8888
2025-02-25T15:42:45.808 cli                INFO     using auto exposure
2025-02-25T15:42:45.809 cli                INFO     caching of shutters enabled
2025-02-25T15:42:45.815 ShutterCache       INFO     loading shutter cache from 'C:\Users\AUPE\Desktop\aupe_tools\shutter_cache.toml'
2025-02-25T15:42:45.829 wac_handler        INFO     command: panorama
2025-02-25T15:42:46.476 WacWrapper         INFO     lwac initialized with AE
2025-02-25T15:42:46.477 WacWrapper         INFO     lwac filters selected: [1]
2025-02-25T15:42:46.553 WacWrapper         INFO     rwac initialized with AE
2025-02-25T15:42:46.554 WacWrapper         INFO     rwac filters selected: [1]
2025-02-25T15:42:46.556 wac_panorama       INFO     orienting the PTU to T: 0.0
2025-02-25T15:42:46.830 wac_panorama       INFO     orienting the PTU to P: 0.0
2025-02-25T15:42:47.196 CaptureHandler     INFO     starting capture
2025-02-25T15:42:47.197 CaptureHandler     INFO     selecting camera: lwac
2025-02-25T15:42:47.203 WacWrapper         INFO     filter: 1
2025-02-25T15:42:47.222 WacWrapper         INFO     shutter: 0.217965
2025-02-25T15:42:49.800 ExoFitPngXmlWriter INFO     saving image as 'aupe-cal_c19_LWAC01_T00_P00_BS.png'
2025-02-25T15:42:50.176 ExoFitPngXmlWriter INFO     creating XML sidecar metadata file
2025-02-25T15:42:50.176 ExoFitPngXmlWriter INFO     adding image metadata tags
2025-02-25T15:42:50.177 ExoFitPngXmlWriter WARNING  no GNC directory specified; skipping
2025-02-25T15:42:50.185 ExoFitPngXmlWriter INFO     XML metadata saved as 'aupe-cal_c19_LWAC01_T00_P00_BS.xml'
2025-02-25T15:42:50.416 WacWrapper         INFO     final shutter stored in shutter cache: 0.265054
2025-02-25T15:42:50.417 CaptureHandler     INFO     selecting camera: rwac
2025-02-25T15:42:50.423 WacWrapper         INFO     filter: 1
2025-02-25T15:42:50.824 WacWrapper         INFO     shutter: 0.377520
2025-02-25T15:42:53.322 ExoFitPngXmlWriter INFO     saving image as 'aupe-cal_c19_RWAC01_T00_P00_BS.png'
2025-02-25T15:42:53.712 ExoFitPngXmlWriter INFO     creating XML sidecar metadata file
2025-02-25T15:42:53.712 ExoFitPngXmlWriter INFO     adding image metadata tags
2025-02-25T15:42:53.714 ExoFitPngXmlWriter WARNING  no GNC directory specified; skipping
2025-02-25T15:42:53.721 ExoFitPngXmlWriter INFO     XML metadata saved as 'aupe-cal_c19_RWAC01_T00_P00_BS.xml'
2025-02-25T15:42:53.724 WacWrapper         INFO     final shutter stored in shutter cache: 0.431633
2025-02-25T15:42:53.727 ShutterCache       INFO     writing shutter cache to disk
2025-02-25T15:42:53.730 aupe_connect       INFO     disconnecting from AUPE
2025-02-25T15:42:53.733 cli                INFO     success
