2025-02-25T15:34:45.087 root               INFO     ------- new log session started -------
2025-02-25T15:34:45.481 cli                INFO     starting acli 0.8.1.dev3+gebaa656.d20220803
2025-02-25T15:34:45.482 cli                INFO     args: -s aupe-cal -d c10 -b 8 wac panorama -l 1 -r 1 -p 0 -t 0
2025-02-25T15:34:45.488 ExoFitPngXmlWriter INFO     requested bit depth: 8
2025-02-25T15:34:45.489 ExoFitPngXmlWriter INFO     using xml template 'C:\Users\AUPE\Desktop\aupe_tools\acli-venv\Lib\site-packages\acli\exofit_template.xml'
2025-02-25T15:34:45.491 aupe_connect       INFO     connecting to AUPE @ 192.168.0.110:8888
2025-02-25T15:34:45.510 cli                INFO     using auto exposure
2025-02-25T15:34:45.510 cli                INFO     caching of shutters enabled
2025-02-25T15:34:45.512 ShutterCache       INFO     loading shutter cache from 'C:\Users\AUPE\Desktop\aupe_tools\shutter_cache.toml'
2025-02-25T15:34:45.524 wac_handler        INFO     command: panorama
2025-02-25T15:34:45.856 WacWrapper         INFO     lwac initialized with AE
2025-02-25T15:34:45.856 WacWrapper         INFO     lwac filters selected: [1]
2025-02-25T15:34:45.905 WacWrapper         INFO     rwac initialized with AE
2025-02-25T15:34:45.905 WacWrapper         INFO     rwac filters selected: [1]
2025-02-25T15:34:45.908 wac_panorama       INFO     orienting the PTU to T: 0.0
2025-02-25T15:34:46.162 wac_panorama       INFO     orienting the PTU to P: 0.0
2025-02-25T15:34:46.682 CaptureHandler     INFO     starting capture
2025-02-25T15:34:46.682 CaptureHandler     INFO     selecting camera: lwac
2025-02-25T15:34:46.686 WacWrapper         INFO     filter: 1
2025-02-25T15:34:47.175 WacWrapper         INFO     shutter: 0.342395
2025-02-25T15:34:49.030 ExoFitPngXmlWriter INFO     saving image as 'aupe-cal_c10_LWAC01_T00_P00_BS.png'
2025-02-25T15:34:49.516 ExoFitPngXmlWriter INFO     creating XML sidecar metadata file
2025-02-25T15:34:49.516 ExoFitPngXmlWriter INFO     adding image metadata tags
2025-02-25T15:34:49.517 ExoFitPngXmlWriter WARNING  no GNC directory specified; skipping
2025-02-25T15:34:49.522 ExoFitPngXmlWriter INFO     XML metadata saved as 'aupe-cal_c10_LWAC01_T00_P00_BS.xml'
2025-02-25T15:34:49.568 WacWrapper         INFO     final shutter stored in shutter cache: 0.342395
2025-02-25T15:34:49.568 CaptureHandler     INFO     selecting camera: rwac
2025-02-25T15:34:49.570 WacWrapper         INFO     filter: 1
2025-02-25T15:34:49.850 WacWrapper         INFO     shutter: 0.589494
2025-02-25T15:34:54.560 ExoFitPngXmlWriter INFO     saving image as 'aupe-cal_c10_RWAC01_T00_P00_BS.png'
2025-02-25T15:34:54.950 ExoFitPngXmlWriter INFO     creating XML sidecar metadata file
2025-02-25T15:34:54.959 ExoFitPngXmlWriter INFO     adding image metadata tags
2025-02-25T15:34:54.961 ExoFitPngXmlWriter WARNING  no GNC directory specified; skipping
2025-02-25T15:34:54.964 ExoFitPngXmlWriter INFO     XML metadata saved as 'aupe-cal_c10_RWAC01_T00_P00_BS.xml'
2025-02-25T15:34:55.171 WacWrapper         INFO     final shutter stored in shutter cache: 0.316527
2025-02-25T15:34:55.175 ShutterCache       INFO     writing shutter cache to disk
2025-02-25T15:34:55.183 aupe_connect       INFO     disconnecting from AUPE
2025-02-25T15:34:55.481 cli                INFO     success
