2025-02-25T15:43:15.869 root               INFO     ------- new log session started -------
2025-02-25T15:43:16.274 cli                INFO     starting acli 0.8.1.dev3+gebaa656.d20220803
2025-02-25T15:43:16.275 cli                INFO     args: -s aupe-cal -d c20 -b 8 wac panorama -l 1 -r 1 -p 0 -t 0
2025-02-25T15:43:16.280 ExoFitPngXmlWriter INFO     requested bit depth: 8
2025-02-25T15:43:16.280 ExoFitPngXmlWriter INFO     using xml template 'C:\Users\AUPE\Desktop\aupe_tools\acli-venv\Lib\site-packages\acli\exofit_template.xml'
2025-02-25T15:43:16.281 aupe_connect       INFO     connecting to AUPE @ 192.168.0.110:8888
2025-02-25T15:43:16.364 cli                INFO     using auto exposure
2025-02-25T15:43:16.365 cli                INFO     caching of shutters enabled
2025-02-25T15:43:16.373 ShutterCache       INFO     loading shutter cache from 'C:\Users\AUPE\Desktop\aupe_tools\shutter_cache.toml'
2025-02-25T15:43:16.402 wac_handler        INFO     command: panorama
2025-02-25T15:43:16.587 WacWrapper         INFO     lwac initialized with AE
2025-02-25T15:43:16.588 WacWrapper         INFO     lwac filters selected: [1]
2025-02-25T15:43:16.965 WacWrapper         INFO     rwac initialized with AE
2025-02-25T15:43:16.966 WacWrapper         INFO     rwac filters selected: [1]
2025-02-25T15:43:16.971 wac_panorama       INFO     orienting the PTU to T: 0.0
2025-02-25T15:43:17.233 wac_panorama       INFO     orienting the PTU to P: 0.0
2025-02-25T15:43:17.755 CaptureHandler     INFO     starting capture
2025-02-25T15:43:17.756 CaptureHandler     INFO     selecting camera: lwac
2025-02-25T15:43:17.761 WacWrapper         INFO     filter: 1
2025-02-25T15:43:17.959 WacWrapper         INFO     shutter: 0.265054
2025-02-25T15:43:20.788 ExoFitPngXmlWriter INFO     saving image as 'aupe-cal_c20_LWAC01_T00_P00_BS.png'
2025-02-25T15:43:21.287 ExoFitPngXmlWriter INFO     creating XML sidecar metadata file
2025-02-25T15:43:21.295 ExoFitPngXmlWriter INFO     adding image metadata tags
2025-02-25T15:43:21.297 ExoFitPngXmlWriter WARNING  no GNC directory specified; skipping
2025-02-25T15:43:21.306 ExoFitPngXmlWriter INFO     XML metadata saved as 'aupe-cal_c20_LWAC01_T00_P00_BS.xml'
2025-02-25T15:43:21.547 WacWrapper         INFO     final shutter stored in shutter cache: 0.205368
2025-02-25T15:43:21.548 CaptureHandler     INFO     selecting camera: rwac
2025-02-25T15:43:21.554 WacWrapper         INFO     filter: 1
2025-02-25T15:43:21.566 WacWrapper         INFO     shutter: 0.431633
2025-02-25T15:43:23.888 ExoFitPngXmlWriter INFO     saving image as 'aupe-cal_c20_RWAC01_T00_P00_BS.png'
2025-02-25T15:43:24.293 ExoFitPngXmlWriter INFO     creating XML sidecar metadata file
2025-02-25T15:43:24.294 ExoFitPngXmlWriter INFO     adding image metadata tags
2025-02-25T15:43:24.296 ExoFitPngXmlWriter WARNING  no GNC directory specified; skipping
2025-02-25T15:43:24.300 ExoFitPngXmlWriter INFO     XML metadata saved as 'aupe-cal_c20_RWAC01_T00_P00_BS.xml'
2025-02-25T15:43:24.424 WacWrapper         INFO     final shutter stored in shutter cache: 0.431632
2025-02-25T15:43:24.425 ShutterCache       INFO     writing shutter cache to disk
2025-02-25T15:43:24.432 aupe_connect       INFO     disconnecting from AUPE
2025-02-25T15:43:24.438 cli                INFO     success
