2025-02-25T15:37:59.894 root               INFO     ------- new log session started -------
2025-02-25T15:38:00.298 cli                INFO     starting acli 0.8.1.dev3+gebaa656.d20220803
2025-02-25T15:38:00.299 cli                INFO     args: -s aupe-cal -d c14 -b 8 wac panorama -l 1 -r 1 -p 0 -t 0
2025-02-25T15:38:00.303 ExoFitPngXmlWriter INFO     requested bit depth: 8
2025-02-25T15:38:00.303 ExoFitPngXmlWriter INFO     using xml template 'C:\Users\AUPE\Desktop\aupe_tools\acli-venv\Lib\site-packages\acli\exofit_template.xml'
2025-02-25T15:38:00.304 aupe_connect       INFO     connecting to AUPE @ 192.168.0.110:8888
2025-02-25T15:38:00.369 cli                INFO     using auto exposure
2025-02-25T15:38:00.370 cli                INFO     caching of shutters enabled
2025-02-25T15:38:00.374 ShutterCache       INFO     loading shutter cache from 'C:\Users\AUPE\Desktop\aupe_tools\shutter_cache.toml'
2025-02-25T15:38:00.398 wac_handler        INFO     command: panorama
2025-02-25T15:38:00.623 WacWrapper         INFO     lwac initialized with AE
2025-02-25T15:38:00.624 WacWrapper         INFO     lwac filters selected: [1]
2025-02-25T15:38:01.458 WacWrapper         INFO     rwac initialized with AE
2025-02-25T15:38:01.458 WacWrapper         INFO     rwac filters selected: [1]
2025-02-25T15:38:01.461 wac_panorama       INFO     orienting the PTU to T: 0.0
2025-02-25T15:38:01.747 wac_panorama       INFO     orienting the PTU to P: 0.0
2025-02-25T15:38:02.259 CaptureHandler     INFO     starting capture
2025-02-25T15:38:02.260 CaptureHandler     INFO     selecting camera: lwac
2025-02-25T15:38:02.266 WacWrapper         INFO     filter: 1
2025-02-25T15:38:02.465 WacWrapper         INFO     shutter: 0.340684
2025-02-25T15:38:04.825 ExoFitPngXmlWriter INFO     saving image as 'aupe-cal_c14_LWAC01_T00_P00_BS.png'
2025-02-25T15:38:05.298 ExoFitPngXmlWriter INFO     creating XML sidecar metadata file
2025-02-25T15:38:05.309 ExoFitPngXmlWriter INFO     adding image metadata tags
2025-02-25T15:38:05.311 ExoFitPngXmlWriter WARNING  no GNC directory specified; skipping
2025-02-25T15:38:05.316 ExoFitPngXmlWriter INFO     XML metadata saved as 'aupe-cal_c14_LWAC01_T00_P00_BS.xml'
2025-02-25T15:38:05.537 WacWrapper         INFO     final shutter stored in shutter cache: 0.340683
2025-02-25T15:38:05.538 CaptureHandler     INFO     selecting camera: rwac
2025-02-25T15:38:05.543 WacWrapper         INFO     filter: 1
2025-02-25T15:38:05.559 WacWrapper         INFO     shutter: 0.669326
2025-02-25T15:38:10.341 ExoFitPngXmlWriter INFO     saving image as 'aupe-cal_c14_RWAC01_T00_P00_BS.png'
2025-02-25T15:38:10.648 ExoFitPngXmlWriter INFO     creating XML sidecar metadata file
2025-02-25T15:38:10.649 ExoFitPngXmlWriter INFO     adding image metadata tags
2025-02-25T15:38:10.650 ExoFitPngXmlWriter WARNING  no GNC directory specified; skipping
2025-02-25T15:38:10.654 ExoFitPngXmlWriter INFO     XML metadata saved as 'aupe-cal_c14_RWAC01_T00_P00_BS.xml'
2025-02-25T15:38:10.964 WacWrapper         INFO     final shutter stored in shutter cache: 0.276398
2025-02-25T15:38:10.967 ShutterCache       INFO     writing shutter cache to disk
2025-02-25T15:38:10.975 aupe_connect       INFO     disconnecting from AUPE
2025-02-25T15:38:11.271 cli                INFO     success
