2025-02-25T15:32:12.289 root               INFO     ------- new log session started -------
2025-02-25T15:32:12.716 cli                INFO     starting acli 0.8.1.dev3+gebaa656.d20220803
2025-02-25T15:32:12.717 cli                INFO     args: -s aupe-cal -d c6 -b 8 wac panorama -l 1 -r 1 -p 0 -t 0
2025-02-25T15:32:12.721 ExoFitPngXmlWriter INFO     requested bit depth: 8
2025-02-25T15:32:12.721 ExoFitPngXmlWriter INFO     using xml template 'C:\Users\AUPE\Desktop\aupe_tools\acli-venv\Lib\site-packages\acli\exofit_template.xml'
2025-02-25T15:32:12.722 aupe_connect       INFO     connecting to AUPE @ 192.168.0.110:8888
2025-02-25T15:32:12.973 cli                INFO     using auto exposure
2025-02-25T15:32:12.975 cli                INFO     caching of shutters enabled
2025-02-25T15:32:12.981 ShutterCache       INFO     loading shutter cache from 'C:\Users\AUPE\Desktop\aupe_tools\shutter_cache.toml'
2025-02-25T15:32:13.005 wac_handler        INFO     command: panorama
2025-02-25T15:32:13.904 WacWrapper         INFO     lwac initialized with AE
2025-02-25T15:32:13.905 WacWrapper         INFO     lwac filters selected: [1]
2025-02-25T15:32:14.005 WacWrapper         INFO     rwac initialized with AE
2025-02-25T15:32:14.006 WacWrapper         INFO     rwac filters selected: [1]
2025-02-25T15:32:14.009 wac_panorama       INFO     orienting the PTU to T: 0.0
2025-02-25T15:32:14.299 wac_panorama       INFO     orienting the PTU to P: 0.0
2025-02-25T15:32:14.655 CaptureHandler     INFO     starting capture
2025-02-25T15:32:14.656 CaptureHandler     INFO     selecting camera: lwac
2025-02-25T15:32:14.661 WacWrapper         INFO     filter: 1
2025-02-25T15:32:14.678 WacWrapper         INFO     shutter: 0.330392
2025-02-25T15:32:16.761 ExoFitPngXmlWriter INFO     saving image as 'aupe-cal_c6_LWAC01_T00_P00_BS.png'
2025-02-25T15:32:17.526 ExoFitPngXmlWriter INFO     creating XML sidecar metadata file
2025-02-25T15:32:17.527 ExoFitPngXmlWriter INFO     adding image metadata tags
2025-02-25T15:32:17.529 ExoFitPngXmlWriter WARNING  no GNC directory specified; skipping
2025-02-25T15:32:17.534 ExoFitPngXmlWriter INFO     XML metadata saved as 'aupe-cal_c6_LWAC01_T00_P00_BS.xml'
2025-02-25T15:32:17.869 WacWrapper         INFO     final shutter stored in shutter cache: 0.330392
2025-02-25T15:32:17.870 CaptureHandler     INFO     selecting camera: rwac
2025-02-25T15:32:17.873 WacWrapper         INFO     filter: 1
2025-02-25T15:32:17.889 WacWrapper         INFO     shutter: 0.335467
2025-02-25T15:32:20.034 ExoFitPngXmlWriter INFO     saving image as 'aupe-cal_c6_RWAC01_T00_P00_BS.png'
2025-02-25T15:32:20.554 ExoFitPngXmlWriter INFO     creating XML sidecar metadata file
2025-02-25T15:32:20.554 ExoFitPngXmlWriter INFO     adding image metadata tags
2025-02-25T15:32:20.559 ExoFitPngXmlWriter WARNING  no GNC directory specified; skipping
2025-02-25T15:32:20.564 ExoFitPngXmlWriter INFO     XML metadata saved as 'aupe-cal_c6_RWAC01_T00_P00_BS.xml'
2025-02-25T15:32:20.851 WacWrapper         INFO     final shutter stored in shutter cache: 0.403279
2025-02-25T15:32:20.858 ShutterCache       INFO     writing shutter cache to disk
2025-02-25T15:32:20.865 aupe_connect       INFO     disconnecting from AUPE
2025-02-25T15:32:21.164 cli                INFO     success
