2025-03-31T11:01:43.130 root               INFO     ------- new log session started -------
2025-03-31T11:01:43.621 cli                INFO     starting acli 0.8.1.dev3+gebaa656.d20220803
2025-03-31T11:01:43.624 cli                INFO     args: -s xcalchecker -d xcalchecker6 -b 8 wac panorama -l 1 -r 1 -p 0 -t 0
2025-03-31T11:01:43.626 ExoFitPngXmlWriter INFO     requested bit depth: 8
2025-03-31T11:01:43.626 ExoFitPngXmlWriter INFO     using xml template 'C:\Users\AUPE\Desktop\aupe_tools\acli-venv\Lib\site-packages\acli\exofit_template.xml'
2025-03-31T11:01:43.628 aupe_connect       INFO     connecting to AUPE @ 192.168.0.110:8888
2025-03-31T11:01:43.638 cli                INFO     using auto exposure
2025-03-31T11:01:43.640 cli                INFO     caching of shutters enabled
2025-03-31T11:01:43.641 ShutterCache       INFO     loading shutter cache from 'C:\Users\AUPE\Desktop\aupe_tools\shutter_cache.toml'
2025-03-31T11:01:43.656 wac_handler        INFO     command: panorama
2025-03-31T11:01:44.338 WacWrapper         INFO     lwac initialized with AE
2025-03-31T11:01:44.338 WacWrapper         INFO     lwac filters selected: [1]
2025-03-31T11:01:44.450 WacWrapper         INFO     rwac initialized with AE
2025-03-31T11:01:44.450 WacWrapper         INFO     rwac filters selected: [1]
2025-03-31T11:01:44.452 wac_panorama       INFO     orienting the PTU to T: 0.0
2025-03-31T11:01:44.682 wac_panorama       INFO     orienting the PTU to P: 0.0
2025-03-31T11:01:44.901 CaptureHandler     INFO     starting capture
2025-03-31T11:01:44.901 CaptureHandler     INFO     selecting camera: lwac
2025-03-31T11:01:44.901 WacWrapper         INFO     filter: 1
2025-03-31T11:01:45.244 WacWrapper         INFO     shutter: 0.251065
2025-03-31T11:01:46.945 ExoFitPngXmlWriter INFO     saving image as 'xcalchecker_xcalchecker6_LWAC01_T00_P00_BS.png'
2025-03-31T11:01:47.263 ExoFitPngXmlWriter INFO     creating XML sidecar metadata file
2025-03-31T11:01:47.263 ExoFitPngXmlWriter INFO     adding image metadata tags
2025-03-31T11:01:47.265 ExoFitPngXmlWriter WARNING  no GNC directory specified; skipping
2025-03-31T11:01:47.271 ExoFitPngXmlWriter INFO     XML metadata saved as 'xcalchecker_xcalchecker6_LWAC01_T00_P00_BS.xml'
2025-03-31T11:01:47.413 WacWrapper         INFO     final shutter stored in shutter cache: 0.251064
2025-03-31T11:01:47.414 CaptureHandler     INFO     selecting camera: rwac
2025-03-31T11:01:47.419 WacWrapper         INFO     filter: 1
2025-03-31T11:01:47.645 WacWrapper         INFO     shutter: 0.260508
2025-03-31T11:01:49.778 ExoFitPngXmlWriter INFO     saving image as 'xcalchecker_xcalchecker6_RWAC01_T00_P00_BS.png'
2025-03-31T11:01:50.030 ExoFitPngXmlWriter INFO     creating XML sidecar metadata file
2025-03-31T11:01:50.031 ExoFitPngXmlWriter INFO     adding image metadata tags
2025-03-31T11:01:50.033 ExoFitPngXmlWriter WARNING  no GNC directory specified; skipping
2025-03-31T11:01:50.037 ExoFitPngXmlWriter INFO     XML metadata saved as 'xcalchecker_xcalchecker6_RWAC01_T00_P00_BS.xml'
2025-03-31T11:01:50.169 WacWrapper         INFO     final shutter stored in shutter cache: 0.269972
2025-03-31T11:01:50.171 ShutterCache       INFO     writing shutter cache to disk
2025-03-31T11:01:50.174 aupe_connect       INFO     disconnecting from AUPE
2025-03-31T11:01:50.186 cli                INFO     success
