2025-03-31T10:59:59.400 root               INFO     ------- new log session started -------
2025-03-31T10:59:59.810 cli                INFO     starting acli 0.8.1.dev3+gebaa656.d20220803
2025-03-31T10:59:59.810 cli                INFO     args: -s xcalchecker -d xcalchecker3 -b 8 wac panorama -l 1 -r 1 -p 0 -t 0
2025-03-31T10:59:59.810 ExoFitPngXmlWriter INFO     requested bit depth: 8
2025-03-31T10:59:59.810 ExoFitPngXmlWriter INFO     using xml template 'C:\Users\AUPE\Desktop\aupe_tools\acli-venv\Lib\site-packages\acli\exofit_template.xml'
2025-03-31T10:59:59.810 aupe_connect       INFO     connecting to AUPE @ 192.168.0.110:8888
2025-03-31T10:59:59.825 cli                INFO     using auto exposure
2025-03-31T10:59:59.825 cli                INFO     caching of shutters enabled
2025-03-31T10:59:59.825 ShutterCache       INFO     loading shutter cache from 'C:\Users\AUPE\Desktop\aupe_tools\shutter_cache.toml'
2025-03-31T10:59:59.841 wac_handler        INFO     command: panorama
2025-03-31T11:00:00.758 WacWrapper         INFO     lwac initialized with AE
2025-03-31T11:00:00.774 WacWrapper         INFO     lwac filters selected: [1]
2025-03-31T11:00:01.051 WacWrapper         INFO     rwac initialized with AE
2025-03-31T11:00:01.052 WacWrapper         INFO     rwac filters selected: [1]
2025-03-31T11:00:01.054 wac_panorama       INFO     orienting the PTU to T: 0.0
2025-03-31T11:00:01.291 wac_panorama       INFO     orienting the PTU to P: 0.0
2025-03-31T11:00:01.757 CaptureHandler     INFO     starting capture
2025-03-31T11:00:01.757 CaptureHandler     INFO     selecting camera: lwac
2025-03-31T11:00:01.764 WacWrapper         INFO     filter: 1
2025-03-31T11:00:01.991 WacWrapper         INFO     shutter: 0.264939
2025-03-31T11:00:03.808 ExoFitPngXmlWriter INFO     saving image as 'xcalchecker_xcalchecker3_LWAC01_T00_P00_BS.png'
2025-03-31T11:00:04.120 ExoFitPngXmlWriter INFO     creating XML sidecar metadata file
2025-03-31T11:00:04.120 ExoFitPngXmlWriter INFO     adding image metadata tags
2025-03-31T11:00:04.120 ExoFitPngXmlWriter WARNING  no GNC directory specified; skipping
2025-03-31T11:00:04.136 ExoFitPngXmlWriter INFO     XML metadata saved as 'xcalchecker_xcalchecker3_LWAC01_T00_P00_BS.xml'
2025-03-31T11:00:04.167 WacWrapper         INFO     final shutter stored in shutter cache: 0.264939
2025-03-31T11:00:04.167 CaptureHandler     INFO     selecting camera: rwac
2025-03-31T11:00:04.167 WacWrapper         INFO     filter: 1
2025-03-31T11:00:04.402 WacWrapper         INFO     shutter: 0.282308
2025-03-31T11:00:06.973 ExoFitPngXmlWriter INFO     saving image as 'xcalchecker_xcalchecker3_RWAC01_T00_P00_BS.png'
2025-03-31T11:00:07.208 ExoFitPngXmlWriter INFO     creating XML sidecar metadata file
2025-03-31T11:00:07.208 ExoFitPngXmlWriter INFO     adding image metadata tags
2025-03-31T11:00:07.210 ExoFitPngXmlWriter WARNING  no GNC directory specified; skipping
2025-03-31T11:00:07.214 ExoFitPngXmlWriter INFO     XML metadata saved as 'xcalchecker_xcalchecker3_RWAC01_T00_P00_BS.xml'
2025-03-31T11:00:07.258 WacWrapper         INFO     final shutter stored in shutter cache: 0.271189
2025-03-31T11:00:07.258 ShutterCache       INFO     writing shutter cache to disk
2025-03-31T11:00:07.261 aupe_connect       INFO     disconnecting from AUPE
2025-03-31T11:00:07.490 cli                INFO     success
