2025-02-25T15:31:01.517 root               INFO     ------- new log session started -------
2025-02-25T15:31:01.930 cli                INFO     starting acli 0.8.1.dev3+gebaa656.d20220803
2025-02-25T15:31:01.931 cli                INFO     args: -s aupe-cal -d c3 -b 8 wac panorama -l 1 -r 1 -p 0 -t 0
2025-02-25T15:31:01.935 ExoFitPngXmlWriter INFO     requested bit depth: 8
2025-02-25T15:31:01.935 ExoFitPngXmlWriter INFO     using xml template 'C:\Users\AUPE\Desktop\aupe_tools\acli-venv\Lib\site-packages\acli\exofit_template.xml'
2025-02-25T15:31:01.937 aupe_connect       INFO     connecting to AUPE @ 192.168.0.110:8888
2025-02-25T15:31:01.947 cli                INFO     using auto exposure
2025-02-25T15:31:01.948 cli                INFO     caching of shutters enabled
2025-02-25T15:31:01.952 ShutterCache       INFO     loading shutter cache from 'C:\Users\AUPE\Desktop\aupe_tools\shutter_cache.toml'
2025-02-25T15:31:01.970 wac_handler        INFO     command: panorama
2025-02-25T15:31:03.486 WacWrapper         INFO     lwac initialized with AE
2025-02-25T15:31:03.486 WacWrapper         INFO     lwac filters selected: [1]
2025-02-25T15:31:03.544 WacWrapper         INFO     rwac initialized with AE
2025-02-25T15:31:03.545 WacWrapper         INFO     rwac filters selected: [1]
2025-02-25T15:31:03.547 wac_panorama       INFO     orienting the PTU to T: 0.0
2025-02-25T15:31:04.303 wac_panorama       INFO     orienting the PTU to P: 0.0
2025-02-25T15:31:04.568 CaptureHandler     INFO     starting capture
2025-02-25T15:31:04.568 CaptureHandler     INFO     selecting camera: lwac
2025-02-25T15:31:04.574 WacWrapper         INFO     filter: 1
2025-02-25T15:31:04.774 WacWrapper         INFO     shutter: 0.373780
2025-02-25T15:31:07.228 ExoFitPngXmlWriter INFO     saving image as 'aupe-cal_c3_LWAC01_T00_P00_BS.png'
2025-02-25T15:31:07.701 ExoFitPngXmlWriter INFO     creating XML sidecar metadata file
2025-02-25T15:31:07.702 ExoFitPngXmlWriter INFO     adding image metadata tags
2025-02-25T15:31:07.703 ExoFitPngXmlWriter WARNING  no GNC directory specified; skipping
2025-02-25T15:31:07.708 ExoFitPngXmlWriter INFO     XML metadata saved as 'aupe-cal_c3_LWAC01_T00_P00_BS.xml'
2025-02-25T15:31:07.777 WacWrapper         INFO     final shutter stored in shutter cache: 0.330394
2025-02-25T15:31:07.778 CaptureHandler     INFO     selecting camera: rwac
2025-02-25T15:31:07.781 WacWrapper         INFO     filter: 1
2025-02-25T15:31:07.786 WacWrapper         INFO     shutter: 0.437998
2025-02-25T15:31:10.434 ExoFitPngXmlWriter INFO     saving image as 'aupe-cal_c3_RWAC01_T00_P00_BS.png'
2025-02-25T15:31:10.785 ExoFitPngXmlWriter INFO     creating XML sidecar metadata file
2025-02-25T15:31:10.785 ExoFitPngXmlWriter INFO     adding image metadata tags
2025-02-25T15:31:10.788 ExoFitPngXmlWriter WARNING  no GNC directory specified; skipping
2025-02-25T15:31:10.793 ExoFitPngXmlWriter INFO     XML metadata saved as 'aupe-cal_c3_RWAC01_T00_P00_BS.xml'
2025-02-25T15:31:10.885 WacWrapper         INFO     final shutter stored in shutter cache: 0.371546
2025-02-25T15:31:10.887 ShutterCache       INFO     writing shutter cache to disk
2025-02-25T15:31:10.894 aupe_connect       INFO     disconnecting from AUPE
2025-02-25T15:31:10.907 cli                INFO     success
