2025-02-25T15:38:45.630 root               INFO     ------- new log session started -------
2025-02-25T15:38:46.033 cli                INFO     starting acli 0.8.1.dev3+gebaa656.d20220803
2025-02-25T15:38:46.033 cli                INFO     args: -s aupe-cal -d c15 -b 8 wac panorama -l 1 -r 1 -p 0 -t 0
2025-02-25T15:38:46.043 ExoFitPngXmlWriter INFO     requested bit depth: 8
2025-02-25T15:38:46.044 ExoFitPngXmlWriter INFO     using xml template 'C:\Users\AUPE\Desktop\aupe_tools\acli-venv\Lib\site-packages\acli\exofit_template.xml'
2025-02-25T15:38:46.046 aupe_connect       INFO     connecting to AUPE @ 192.168.0.110:8888
2025-02-25T15:38:46.293 cli                INFO     using auto exposure
2025-02-25T15:38:46.294 cli                INFO     caching of shutters enabled
2025-02-25T15:38:46.300 ShutterCache       INFO     loading shutter cache from 'C:\Users\AUPE\Desktop\aupe_tools\shutter_cache.toml'
2025-02-25T15:38:46.317 wac_handler        INFO     command: panorama
2025-02-25T15:38:47.242 WacWrapper         INFO     lwac initialized with AE
2025-02-25T15:38:47.243 WacWrapper         INFO     lwac filters selected: [1]
2025-02-25T15:38:47.288 WacWrapper         INFO     rwac initialized with AE
2025-02-25T15:38:47.288 WacWrapper         INFO     rwac filters selected: [1]
2025-02-25T15:38:47.291 wac_panorama       INFO     orienting the PTU to T: 0.0
2025-02-25T15:38:47.623 wac_panorama       INFO     orienting the PTU to P: 0.0
2025-02-25T15:38:48.116 CaptureHandler     INFO     starting capture
2025-02-25T15:38:48.117 CaptureHandler     INFO     selecting camera: lwac
2025-02-25T15:38:48.123 WacWrapper         INFO     filter: 1
2025-02-25T15:38:48.144 WacWrapper         INFO     shutter: 0.340683
2025-02-25T15:38:49.951 ExoFitPngXmlWriter INFO     saving image as 'aupe-cal_c15_LWAC01_T00_P00_BS.png'
2025-02-25T15:38:50.422 ExoFitPngXmlWriter INFO     creating XML sidecar metadata file
2025-02-25T15:38:50.437 ExoFitPngXmlWriter INFO     adding image metadata tags
2025-02-25T15:38:50.439 ExoFitPngXmlWriter WARNING  no GNC directory specified; skipping
2025-02-25T15:38:50.447 ExoFitPngXmlWriter INFO     XML metadata saved as 'aupe-cal_c15_LWAC01_T00_P00_BS.xml'
2025-02-25T15:38:50.489 WacWrapper         INFO     final shutter stored in shutter cache: 0.340683
2025-02-25T15:38:50.490 CaptureHandler     INFO     selecting camera: rwac
2025-02-25T15:38:50.493 WacWrapper         INFO     filter: 1
2025-02-25T15:38:50.797 WacWrapper         INFO     shutter: 0.276398
2025-02-25T15:38:53.255 ExoFitPngXmlWriter INFO     saving image as 'aupe-cal_c15_RWAC01_T00_P00_BS.png'
2025-02-25T15:38:53.523 ExoFitPngXmlWriter INFO     creating XML sidecar metadata file
2025-02-25T15:38:53.524 ExoFitPngXmlWriter INFO     adding image metadata tags
2025-02-25T15:38:53.526 ExoFitPngXmlWriter WARNING  no GNC directory specified; skipping
2025-02-25T15:38:53.534 ExoFitPngXmlWriter INFO     XML metadata saved as 'aupe-cal_c15_RWAC01_T00_P00_BS.xml'
2025-02-25T15:38:53.768 WacWrapper         INFO     final shutter stored in shutter cache: 0.336111
2025-02-25T15:38:53.769 ShutterCache       INFO     writing shutter cache to disk
2025-02-25T15:38:53.777 aupe_connect       INFO     disconnecting from AUPE
2025-02-25T15:38:53.795 cli                INFO     success
