2025-03-31T10:59:22.892 root               INFO     ------- new log session started -------
2025-03-31T10:59:23.305 cli                INFO     starting acli 0.8.1.dev3+gebaa656.d20220803
2025-03-31T10:59:23.306 cli                INFO     args: -s xcalchecker -d xcalchecker2 -b 8 wac panorama -l 1 -r 1 -p 0 -t 0
2025-03-31T10:59:23.310 ExoFitPngXmlWriter INFO     requested bit depth: 8
2025-03-31T10:59:23.310 ExoFitPngXmlWriter INFO     using xml template 'C:\Users\AUPE\Desktop\aupe_tools\acli-venv\Lib\site-packages\acli\exofit_template.xml'
2025-03-31T10:59:23.311 aupe_connect       INFO     connecting to AUPE @ 192.168.0.110:8888
2025-03-31T10:59:23.417 cli                INFO     using auto exposure
2025-03-31T10:59:23.417 cli                INFO     caching of shutters enabled
2025-03-31T10:59:23.421 ShutterCache       INFO     loading shutter cache from 'C:\Users\AUPE\Desktop\aupe_tools\shutter_cache.toml'
2025-03-31T10:59:23.441 wac_handler        INFO     command: panorama
2025-03-31T10:59:23.549 WacWrapper         INFO     lwac initialized with AE
2025-03-31T10:59:23.549 WacWrapper         INFO     lwac filters selected: [1]
2025-03-31T10:59:24.450 WacWrapper         INFO     rwac initialized with AE
2025-03-31T10:59:24.451 WacWrapper         INFO     rwac filters selected: [1]
2025-03-31T10:59:24.454 wac_panorama       INFO     orienting the PTU to T: 0.0
2025-03-31T10:59:24.697 wac_panorama       INFO     orienting the PTU to P: 0.0
2025-03-31T10:59:25.161 CaptureHandler     INFO     starting capture
2025-03-31T10:59:25.162 CaptureHandler     INFO     selecting camera: lwac
2025-03-31T10:59:25.167 WacWrapper         INFO     filter: 1
2025-03-31T10:59:25.397 WacWrapper         INFO     shutter: 0.241800
2025-03-31T10:59:27.770 ExoFitPngXmlWriter INFO     saving image as 'xcalchecker_xcalchecker2_LWAC01_T00_P00_BS.png'
2025-03-31T10:59:28.083 ExoFitPngXmlWriter INFO     creating XML sidecar metadata file
2025-03-31T10:59:28.083 ExoFitPngXmlWriter INFO     adding image metadata tags
2025-03-31T10:59:28.083 ExoFitPngXmlWriter WARNING  no GNC directory specified; skipping
2025-03-31T10:59:28.083 ExoFitPngXmlWriter INFO     XML metadata saved as 'xcalchecker_xcalchecker2_LWAC01_T00_P00_BS.xml'
2025-03-31T10:59:28.177 WacWrapper         INFO     final shutter stored in shutter cache: 0.264939
2025-03-31T10:59:28.177 CaptureHandler     INFO     selecting camera: rwac
2025-03-31T10:59:28.177 WacWrapper         INFO     filter: 1
2025-03-31T10:59:28.411 WacWrapper         INFO     shutter: 0.261677
2025-03-31T10:59:30.778 ExoFitPngXmlWriter INFO     saving image as 'xcalchecker_xcalchecker2_RWAC01_T00_P00_BS.png'
2025-03-31T10:59:31.055 ExoFitPngXmlWriter INFO     creating XML sidecar metadata file
2025-03-31T10:59:31.055 ExoFitPngXmlWriter INFO     adding image metadata tags
2025-03-31T10:59:31.057 ExoFitPngXmlWriter WARNING  no GNC directory specified; skipping
2025-03-31T10:59:31.061 ExoFitPngXmlWriter INFO     XML metadata saved as 'xcalchecker_xcalchecker2_RWAC01_T00_P00_BS.xml'
2025-03-31T10:59:31.232 WacWrapper         INFO     final shutter stored in shutter cache: 0.282308
2025-03-31T10:59:31.234 ShutterCache       INFO     writing shutter cache to disk
2025-03-31T10:59:31.242 aupe_connect       INFO     disconnecting from AUPE
2025-03-31T10:59:31.259 cli                INFO     success
