2025-02-25T15:44:29.230 root               INFO     ------- new log session started -------
2025-02-25T15:44:29.665 cli                INFO     starting acli 0.8.1.dev3+gebaa656.d20220803
2025-02-25T15:44:29.666 cli                INFO     args: -s aupe-cal -d c22 -b 8 wac panorama -l 1 -r 1 -p 0 -t 0
2025-02-25T15:44:29.670 ExoFitPngXmlWriter INFO     requested bit depth: 8
2025-02-25T15:44:29.670 ExoFitPngXmlWriter INFO     using xml template 'C:\Users\AUPE\Desktop\aupe_tools\acli-venv\Lib\site-packages\acli\exofit_template.xml'
2025-02-25T15:44:29.671 aupe_connect       INFO     connecting to AUPE @ 192.168.0.110:8888
2025-02-25T15:44:29.803 cli                INFO     using auto exposure
2025-02-25T15:44:29.803 cli                INFO     caching of shutters enabled
2025-02-25T15:44:29.807 ShutterCache       INFO     loading shutter cache from 'C:\Users\AUPE\Desktop\aupe_tools\shutter_cache.toml'
2025-02-25T15:44:29.838 wac_handler        INFO     command: panorama
2025-02-25T15:44:30.099 WacWrapper         INFO     lwac initialized with AE
2025-02-25T15:44:30.100 WacWrapper         INFO     lwac filters selected: [1]
2025-02-25T15:44:30.160 WacWrapper         INFO     rwac initialized with AE
2025-02-25T15:44:30.161 WacWrapper         INFO     rwac filters selected: [1]
2025-02-25T15:44:30.165 wac_panorama       INFO     orienting the PTU to T: 0.0
2025-02-25T15:44:30.459 wac_panorama       INFO     orienting the PTU to P: 0.0
2025-02-25T15:44:30.963 CaptureHandler     INFO     starting capture
2025-02-25T15:44:30.972 CaptureHandler     INFO     selecting camera: lwac
2025-02-25T15:44:30.977 WacWrapper         INFO     filter: 1
2025-02-25T15:44:31.177 WacWrapper         INFO     shutter: 0.685779
2025-02-25T15:44:36.240 ExoFitPngXmlWriter INFO     saving image as 'aupe-cal_c22_LWAC01_T00_P00_BS.png'
2025-02-25T15:44:36.772 ExoFitPngXmlWriter INFO     creating XML sidecar metadata file
2025-02-25T15:44:36.772 ExoFitPngXmlWriter INFO     adding image metadata tags
2025-02-25T15:44:36.774 ExoFitPngXmlWriter WARNING  no GNC directory specified; skipping
2025-02-25T15:44:36.779 ExoFitPngXmlWriter INFO     XML metadata saved as 'aupe-cal_c22_LWAC01_T00_P00_BS.xml'
2025-02-25T15:44:36.785 WacWrapper         INFO     final shutter stored in shutter cache: 0.225973
2025-02-25T15:44:36.787 CaptureHandler     INFO     selecting camera: rwac
2025-02-25T15:44:36.787 WacWrapper         INFO     filter: 1
2025-02-25T15:44:37.116 WacWrapper         INFO     shutter: 0.373681
2025-02-25T15:44:40.002 ExoFitPngXmlWriter INFO     saving image as 'aupe-cal_c22_RWAC01_T00_P00_BS.png'
2025-02-25T15:44:40.408 ExoFitPngXmlWriter INFO     creating XML sidecar metadata file
2025-02-25T15:44:40.411 ExoFitPngXmlWriter INFO     adding image metadata tags
2025-02-25T15:44:40.412 ExoFitPngXmlWriter WARNING  no GNC directory specified; skipping
2025-02-25T15:44:40.417 ExoFitPngXmlWriter INFO     XML metadata saved as 'aupe-cal_c22_RWAC01_T00_P00_BS.xml'
2025-02-25T15:44:40.427 WacWrapper         INFO     final shutter stored in shutter cache: 0.431940
2025-02-25T15:44:40.428 ShutterCache       INFO     writing shutter cache to disk
2025-02-25T15:44:40.431 aupe_connect       INFO     disconnecting from AUPE
2025-02-25T15:44:40.452 cli                INFO     success
